0 info it worked if it ends with ok
1 verbose cli [ '/usr/local/bin/node',
1 verbose cli   '/usr/local/bin/npm',
1 verbose cli   'run',
1 verbose cli   'dev-server' ]
2 info using npm@3.8.3
3 info using node@v5.10.1
4 verbose run-script [ 'predev-server', 'dev-server', 'postdev-server' ]
5 info lifecycle demo_1@1.0.0~predev-server: demo_1@1.0.0
6 silly lifecycle demo_1@1.0.0~predev-server: no script for predev-server, continuing
7 info lifecycle demo_1@1.0.0~dev-server: demo_1@1.0.0
8 verbose lifecycle demo_1@1.0.0~dev-server: unsafe-perm in lifecycle true
9 verbose lifecycle demo_1@1.0.0~dev-server: PATH: /usr/local/lib/node_modules/npm/bin/node-gyp-bin:/Users/nicholas/Dropbox/Training/AngularJS/demo/0187_webpack/demo_2/node_modules/.bin:/usr/local/bin:/Library/Frameworks/Python.framework/Versions/2.7/bin:/Users/nicholas/.rvm/gems/ruby-2.1.0/bin:/Users/nicholas/.rvm/gems/ruby-2.1.0@global/bin:/Users/nicholas/.rvm/rubies/ruby-2.1.0/bin:/usr/local/bin:/usr/bin:/bin:/usr/sbin:/sbin:/opt/X11/bin:/Users/nicholas/.rvm/bin:/Users/nicholas/bin:/Applications/Postgres.app/Contents/Versions/9.3/bin
10 verbose lifecycle demo_1@1.0.0~dev-server: CWD: /Users/nicholas/Dropbox/Training/AngularJS/demo/0187_webpack/demo_2
11 silly lifecycle demo_1@1.0.0~dev-server: Args: [ '-c', 'webpack-dev-server -d --content-base . --port 5000' ]
12 silly lifecycle demo_1@1.0.0~dev-server: Returned: code: 1  signal: null
13 info lifecycle demo_1@1.0.0~dev-server: Failed to exec dev-server script
14 verbose stack Error: demo_1@1.0.0 dev-server: `webpack-dev-server -d --content-base . --port 5000`
14 verbose stack Exit status 1
14 verbose stack     at EventEmitter.<anonymous> (/usr/local/lib/node_modules/npm/lib/utils/lifecycle.js:239:16)
14 verbose stack     at emitTwo (events.js:100:13)
14 verbose stack     at EventEmitter.emit (events.js:185:7)
14 verbose stack     at ChildProcess.<anonymous> (/usr/local/lib/node_modules/npm/lib/utils/spawn.js:24:14)
14 verbose stack     at emitTwo (events.js:100:13)
14 verbose stack     at ChildProcess.emit (events.js:185:7)
14 verbose stack     at maybeClose (internal/child_process.js:850:16)
14 verbose stack     at Process.ChildProcess._handle.onexit (internal/child_process.js:215:5)
15 verbose pkgid demo_1@1.0.0
16 verbose cwd /Users/nicholas/Dropbox/Training/AngularJS/demo/0187_webpack/demo_2
17 error Darwin 15.6.0
18 error argv "/usr/local/bin/node" "/usr/local/bin/npm" "run" "dev-server"
19 error node v5.10.1
20 error npm  v3.8.3
21 error code ELIFECYCLE
22 error demo_1@1.0.0 dev-server: `webpack-dev-server -d --content-base . --port 5000`
22 error Exit status 1
23 error Failed at the demo_1@1.0.0 dev-server script 'webpack-dev-server -d --content-base . --port 5000'.
23 error Make sure you have the latest version of node.js and npm installed.
23 error If you do, this is most likely a problem with the demo_1 package,
23 error not with npm itself.
23 error Tell the author that this fails on your system:
23 error     webpack-dev-server -d --content-base . --port 5000
23 error You can get information on how to open an issue for this project with:
23 error     npm bugs demo_1
23 error Or if that isn't available, you can get their info via:
23 error     npm owner ls demo_1
23 error There is likely additional logging output above.
24 verbose exit [ 1, true ]
