0 info it worked if it ends with ok
1 verbose cli [ '/usr/local/bin/node', '/usr/local/bin/npm', 'run', 'open' ]
2 info using npm@3.8.3
3 info using node@v5.10.1
4 verbose run-script [ 'preopen', 'open', 'postopen' ]
5 info lifecycle demo_1@1.0.0~preopen: demo_1@1.0.0
6 silly lifecycle demo_1@1.0.0~preopen: no script for preopen, continuing
7 info lifecycle demo_1@1.0.0~open: demo_1@1.0.0
8 verbose lifecycle demo_1@1.0.0~open: unsafe-perm in lifecycle true
9 verbose lifecycle demo_1@1.0.0~open: PATH: /usr/local/lib/node_modules/npm/bin/node-gyp-bin:/Users/nicholas/Dropbox/Training/AngularJS/demo/0187_webpack/demo_1/node_modules/.bin:/usr/local/bin:/Library/Frameworks/Python.framework/Versions/2.7/bin:/Users/nicholas/.rvm/gems/ruby-2.1.0/bin:/Users/nicholas/.rvm/gems/ruby-2.1.0@global/bin:/Users/nicholas/.rvm/rubies/ruby-2.1.0/bin:/usr/local/bin:/usr/bin:/bin:/usr/sbin:/sbin:/opt/X11/bin:/Users/nicholas/.rvm/bin:/Users/nicholas/bin:/Applications/Postgres.app/Contents/Versions/9.3/bin
10 verbose lifecycle demo_1@1.0.0~open: CWD: /Users/nicholas/Dropbox/Training/AngularJS/demo/0187_webpack/demo_1
11 silly lifecycle demo_1@1.0.0~open: Args: [ '-c',
11 silly lifecycle   'opener http://localhost:5000/webpack-dev-server/index.html' ]
12 info lifecycle demo_1@1.0.0~open: Failed to exec open script
13 verbose stack Error: demo_1@1.0.0 open: `opener http://localhost:5000/webpack-dev-server/index.html`
13 verbose stack spawn ENOENT
13 verbose stack     at ChildProcess.<anonymous> (/usr/local/lib/node_modules/npm/lib/utils/spawn.js:17:16)
13 verbose stack     at emitTwo (events.js:100:13)
13 verbose stack     at ChildProcess.emit (events.js:185:7)
13 verbose stack     at maybeClose (internal/child_process.js:850:16)
13 verbose stack     at Process.ChildProcess._handle.onexit (internal/child_process.js:215:5)
14 verbose pkgid demo_1@1.0.0
15 verbose cwd /Users/nicholas/Dropbox/Training/AngularJS/demo/0187_webpack/demo_1
16 error Darwin 15.6.0
17 error argv "/usr/local/bin/node" "/usr/local/bin/npm" "run" "open"
18 error node v5.10.1
19 error npm  v3.8.3
20 error file sh
21 error code ELIFECYCLE
22 error errno ENOENT
23 error syscall spawn
24 error demo_1@1.0.0 open: `opener http://localhost:5000/webpack-dev-server/index.html`
24 error spawn ENOENT
25 error Failed at the demo_1@1.0.0 open script 'opener http://localhost:5000/webpack-dev-server/index.html'.
25 error Make sure you have the latest version of node.js and npm installed.
25 error If you do, this is most likely a problem with the demo_1 package,
25 error not with npm itself.
25 error Tell the author that this fails on your system:
25 error     opener http://localhost:5000/webpack-dev-server/index.html
25 error You can get information on how to open an issue for this project with:
25 error     npm bugs demo_1
25 error Or if that isn't available, you can get their info via:
25 error     npm owner ls demo_1
25 error There is likely additional logging output above.
26 verbose exit [ 1, true ]
